16/12/2022 08:55:12	/page/club.php	GUY VERGHOTE
16/12/2022 08:55:16	/index.php	GUY VERGHOTE
16/12/2022 08:55:17	/ajax/getdonneesaccueil.php	GUY VERGHOTE
16/12/2022 08:55:18	/page/adhesion.php	GUY VERGHOTE
16/12/2022 08:55:43	/index.php	visiteur
16/12/2022 08:55:44	/ajax/getdonneesaccueil.php	visiteur
16/12/2022 08:55:45	/page/formation.php	visiteur
16/12/2022 08:58:07	/index.php	::1
16/12/2022 08:58:08	/ajax/getdonneesaccueil.php	::1
16/12/2022 08:58:09	/page/adhesion.php	::1
16/12/2022 08:58:26	/profil/connexion.php	::1
16/12/2022 08:58:31	/profil/ajax/connecter.php	::1
16/12/2022 08:58:31	/index.php	::1(GUY VERGHOTE)
16/12/2022 08:58:31	/ajax/getdonneesaccueil.php	::1(GUY VERGHOTE)
16/12/2022 08:58:34	/page/formation.php	::1(GUY VERGHOTE)
28/02/2023 10:28:11	/index.php	::1
28/02/2023 10:28:12	/ajax/getdonneesaccueil.php	::1
28/02/2023 10:28:16	/profil/connexion.php	::1
28/02/2023 10:29:09	/profil/ajax/connecter.php	::1
28/02/2023 10:29:09	/index.php	::1(GUY VERGHOTE)
28/02/2023 10:29:09	/ajax/getdonneesaccueil.php	::1(GUY VERGHOTE)
28/02/2023 15:23:53	/index.php	::1
28/02/2023 15:23:55	/ajax/getdonneesaccueil.php	::1(GUY VERGHOTE)
28/02/2023 16:54:25	/index.php	GUY VERGHOTE
28/02/2023 16:54:25	/ajax/getdonneesaccueil.php	GUY VERGHOTE
28/02/2023 16:54:39	/administrateur/index.php	GUY VERGHOTE
28/02/2023 16:54:39	/administrateur/ajax/getlesdonnees.php	GUY VERGHOTE
28/02/2023 16:54:39	/administrateur/ajax/getlesdroits.php	GUY VERGHOTE
28/02/2023 16:54:57	/administrateur/ajax/getlesdroits.php	GUY VERGHOTE
28/02/2023 16:55:10	/administrateur/ajax/majdroit.php	GUY VERGHOTE
28/02/2023 16:55:32	/index.php	GUY VERGHOTE
28/02/2023 16:55:32	/ajax/getdonneesaccueil.php	GUY VERGHOTE
28/02/2023 16:56:04	/index.php	GUY VERGHOTE
28/02/2023 16:56:04	/ajax/getdonneesaccueil.php	GUY VERGHOTE
01/03/2023 14:09:16	/index.php	visiteur
01/03/2023 14:09:16	/ajax/getdonneesaccueil.php	GUY VERGHOTE
01/03/2023 14:11:41	/index.php	GUY VERGHOTE
01/03/2023 14:11:41	/ajax/getdonneesaccueil.php	GUY VERGHOTE
01/03/2023 14:11:49	/index.php	GUY VERGHOTE
01/03/2023 14:11:49	/ajax/getdonneesaccueil.php	GUY VERGHOTE
01/03/2023 14:33:06	/agenda/consultation.php	GUY VERGHOTE
01/03/2023 14:33:06	/agenda/consultation.php	 
01/03/2023 14:41:43	/agenda/consultation.php	GUY VERGHOTE
01/03/2023 14:41:43	/agenda/consultation.php	 
01/03/2023 14:42:27	/agenda/consultation.php	GUY VERGHOTE
01/03/2023 14:42:27	/agenda/consultation.php	 
01/03/2023 14:45:07	/agenda/consultation.php	GUY VERGHOTE
01/03/2023 14:45:07	/agenda/consultation.php	
01/03/2023 14:45:14	/agenda/consultation.php	GUY VERGHOTE
01/03/2023 14:45:14	/agenda/consultation.php	GUY VERGHOTE
01/03/2023 14:46:04	/agenda/consultation.php	GUY VERGHOTE
01/03/2023 14:46:04	/agenda/consultation.php	GUY VERGHOTE
01/03/2023 14:56:23	/agenda/consultation.php	GUY VERGHOTE
01/03/2023 14:56:23	/agenda/consultation.php	GUY VERGHOTE
01/03/2023 14:56:24	/agenda/consultation.php	GUY VERGHOTE
01/03/2023 14:57:01	/agenda/consultation.php	GUY VERGHOTE
01/03/2023 14:57:01	/agenda/consultation.php	GUY VERGHOTE
01/03/2023 15:14:56	/agenda/consultation.php	GUY VERGHOTE
01/03/2023 15:14:56	/agenda/consultation.php	GUY VERGHOTE
01/03/2023 15:15:44	/agenda/consultation.php	GUY VERGHOTE
01/03/2023 15:15:44	/agenda/consultation.php	GUY VERGHOTE
01/03/2023 15:18:06	/agenda/consultation.php	GUY VERGHOTE
01/03/2023 15:22:35	/index.php	GUY VERGHOTE
01/03/2023 15:22:35	/ajax/getdonneesaccueil.php	GUY VERGHOTE
01/03/2023 15:22:39	/agenda/consultation.php	GUY VERGHOTE
01/03/2023 15:23:19	/index.php	GUY VERGHOTE
01/03/2023 15:23:19	/ajax/getdonneesaccueil.php	GUY VERGHOTE
01/03/2023 15:23:20	/agenda/consultation.php	GUY VERGHOTE
01/03/2023 15:23:20	/agenda/consultation.php	GUY VERGHOTE
01/03/2023 15:25:50	/agenda/consultation.php	GUY VERGHOTE
01/03/2023 15:25:50	/agenda/consultation.php	GUY VERGHOTE
01/03/2023 15:25:51	/agenda/consultation.php	GUY VERGHOTE
01/03/2023 15:25:51	/agenda/consultation.php	GUY VERGHOTE
01/03/2023 15:25:52	/agenda/consultation.php	GUY VERGHOTE
01/03/2023 15:25:52	/agenda/consultation.php	GUY VERGHOTE
01/03/2023 15:25:52	/agenda/consultation.php	GUY VERGHOTE
01/03/2023 15:25:52	/agenda/consultation.php	GUY VERGHOTE
01/03/2023 15:25:52	/agenda/consultation.php	GUY VERGHOTE
01/03/2023 15:25:52	/agenda/consultation.php	GUY VERGHOTE
01/03/2023 15:25:53	/agenda/consultation.php	GUY VERGHOTE
01/03/2023 15:25:53	/agenda/consultation.php	GUY VERGHOTE
01/03/2023 15:25:53	/agenda/consultation.php	GUY VERGHOTE
01/03/2023 15:25:53	/agenda/consultation.php	GUY VERGHOTE
01/03/2023 15:25:53	/agenda/consultation.php	GUY VERGHOTE
01/03/2023 15:25:53	/agenda/consultation.php	GUY VERGHOTE
01/03/2023 15:32:24	/index.php	GUY VERGHOTE
01/03/2023 15:32:24	/ajax/getdonneesaccueil.php	GUY VERGHOTE
01/03/2023 15:32:29	/agenda/index.php	GUY VERGHOTE
01/03/2023 15:32:29	/agenda/index.php	GUY VERGHOTE
01/03/2023 15:32:56	/agenda/index.php	GUY VERGHOTE
01/03/2023 15:32:56	/agenda/index.php	GUY VERGHOTE
01/03/2023 15:38:15	/agenda/index.php	GUY VERGHOTE
01/03/2023 15:38:15	/agenda/index.php	GUY VERGHOTE
01/03/2023 15:38:17	/agenda/index.php	GUY VERGHOTE
01/03/2023 15:38:17	/agenda/index.php	GUY VERGHOTE
01/03/2023 15:39:54	/agenda/index.php	GUY VERGHOTE
01/03/2023 15:39:54	/agenda/index.php	GUY VERGHOTE
01/03/2023 15:40:13	/agenda/index.php	GUY VERGHOTE
01/03/2023 15:40:13	/agenda/index.php	GUY VERGHOTE
01/03/2023 15:40:14	/agenda/index.php	GUY VERGHOTE
01/03/2023 15:40:14	/agenda/index.php	GUY VERGHOTE
01/03/2023 15:42:22	/agenda/index.php	GUY VERGHOTE
01/03/2023 15:42:22	/agenda/index.php	GUY VERGHOTE
01/03/2023 15:42:25	/agenda/index.php	GUY VERGHOTE
01/03/2023 15:42:25	/agenda/index.php	GUY VERGHOTE
01/03/2023 15:55:18	/agenda/index.php	GUY VERGHOTE
01/03/2023 15:55:18	/agenda/index.php	GUY VERGHOTE
01/03/2023 16:01:32	/agenda/index.php	GUY VERGHOTE
01/03/2023 16:01:32	/agenda/index.php	GUY VERGHOTE
01/03/2023 16:01:57	/agenda/index.php	GUY VERGHOTE
01/03/2023 16:01:57	/agenda/index.php	GUY VERGHOTE
01/03/2023 16:01:59	/agenda/index.php	GUY VERGHOTE
01/03/2023 16:01:59	/agenda/index.php	GUY VERGHOTE
01/03/2023 16:02:11	/agenda/index.php	GUY VERGHOTE
01/03/2023 16:02:11	/agenda/index.php	GUY VERGHOTE
01/03/2023 16:02:12	/agenda/index.php	GUY VERGHOTE
01/03/2023 16:02:12	/agenda/index.php	GUY VERGHOTE
01/03/2023 16:02:30	/agenda/index.php	GUY VERGHOTE
01/03/2023 16:02:30	/agenda/index.php	GUY VERGHOTE
01/03/2023 16:17:00	/agenda/index.php	GUY VERGHOTE
01/03/2023 16:17:00	/agenda/index.php	GUY VERGHOTE
01/03/2023 16:17:06	/agenda/ajax/epurer.php	GUY VERGHOTE
01/03/2023 16:17:21	/agenda/index.php	GUY VERGHOTE
01/03/2023 16:17:21	/agenda/index.php	GUY VERGHOTE
01/03/2023 16:31:29	/agenda/index.php	GUY VERGHOTE
01/03/2023 16:31:29	/agenda/index.php	GUY VERGHOTE
01/03/2023 16:31:29	/agenda/index.php	GUY VERGHOTE
01/03/2023 16:31:29	/agenda/index.php	GUY VERGHOTE
01/03/2023 16:31:33	/agenda/ajax/supprimer.php	GUY VERGHOTE
01/03/2023 16:31:40	/agenda/index.php	GUY VERGHOTE
01/03/2023 16:31:40	/agenda/index.php	GUY VERGHOTE
01/03/2023 16:31:41	/agenda/index.php	GUY VERGHOTE
01/03/2023 16:31:41	/agenda/index.php	GUY VERGHOTE
01/03/2023 16:31:44	/agenda/ajax/supprimer.php	GUY VERGHOTE
01/03/2023 16:31:46	/agenda/index.php	GUY VERGHOTE
01/03/2023 16:31:46	/agenda/index.php	GUY VERGHOTE
01/03/2023 16:31:47	/agenda/index.php	GUY VERGHOTE
01/03/2023 16:31:47	/agenda/index.php	GUY VERGHOTE
01/03/2023 16:32:22	/agenda/index.php	GUY VERGHOTE
01/03/2023 16:32:22	/agenda/index.php	GUY VERGHOTE
01/03/2023 16:39:35	/agenda/ajout.php	GUY VERGHOTE
01/03/2023 16:39:35	/agenda/ajout.php	GUY VERGHOTE
01/03/2023 16:40:08	/agenda/ajout.php	GUY VERGHOTE
01/03/2023 16:40:08	/agenda/ajout.php	GUY VERGHOTE
01/03/2023 16:40:10	/agenda/ajout.php	GUY VERGHOTE
01/03/2023 16:40:10	/agenda/ajout.php	GUY VERGHOTE
01/03/2023 16:40:46	/agenda/ajout.php	GUY VERGHOTE
01/03/2023 16:40:46	/agenda/ajout.php	GUY VERGHOTE
01/03/2023 16:57:12	/agenda/ajout.php	GUY VERGHOTE
01/03/2023 16:57:12	/agenda/ajout.php	GUY VERGHOTE
01/03/2023 16:57:17	/agenda/ajax/ajouter.php	GUY VERGHOTE
01/03/2023 16:58:45	/agenda/ajax/ajouter.php	GUY VERGHOTE
01/03/2023 16:59:13	/agenda/ajax/ajouter.php	GUY VERGHOTE
01/03/2023 16:59:23	/agenda/ajout.php	GUY VERGHOTE
01/03/2023 16:59:23	/agenda/ajout.php	GUY VERGHOTE
01/03/2023 16:59:33	/agenda/ajax/ajouter.php	GUY VERGHOTE
01/03/2023 17:01:25	/agenda/ajax/ajouter.php	GUY VERGHOTE
01/03/2023 17:01:26	/agenda/ajax/ajouter.php	GUY VERGHOTE
01/03/2023 17:01:29	/agenda/ajax/ajouter.php	GUY VERGHOTE
01/03/2023 17:01:29	/agenda/ajax/ajouter.php	GUY VERGHOTE
01/03/2023 17:02:47	/agenda/ajax/ajouter.php	GUY VERGHOTE
01/03/2023 17:02:48	/agenda/index.php	GUY VERGHOTE
01/03/2023 17:02:48	/agenda/index.php	GUY VERGHOTE
03/03/2023 11:06:38	/index.php	visiteur
03/03/2023 11:06:38	/ajax/getdonneesaccueil.php	GUY VERGHOTE
03/03/2023 11:06:48	/agenda/consultation.php	GUY VERGHOTE
03/03/2023 11:06:48	/agenda/consultation.php	GUY VERGHOTE
03/03/2023 11:07:09	/agenda/consultation.php	GUY VERGHOTE
03/03/2023 11:07:09	/agenda/consultation.php	GUY VERGHOTE
03/03/2023 11:09:01	/index.php	GUY VERGHOTE
03/03/2023 11:09:01	/ajax/getdonneesaccueil.php	GUY VERGHOTE
03/03/2023 11:12:00	/administrateur/index.php	GUY VERGHOTE
03/03/2023 11:12:00	/administrateur/ajax/getlesdonnees.php	GUY VERGHOTE
03/03/2023 11:12:00	/administrateur/ajax/getlesdroits.php	GUY VERGHOTE
03/03/2023 11:12:05	/administrateur/ajax/getlesdroits.php	GUY VERGHOTE
03/03/2023 11:12:34	/index.php	GUY VERGHOTE
03/03/2023 11:12:34	/ajax/getdonneesaccueil.php	GUY VERGHOTE
03/03/2023 11:14:32	/agenda/index.php	GUY VERGHOTE
03/03/2023 11:14:32	/agenda/index.php	GUY VERGHOTE
03/03/2023 11:22:14	/agenda/ajax/epurer.php	GUY VERGHOTE
03/03/2023 11:22:59	/agenda/ajax/epurer.php	GUY VERGHOTE
03/03/2023 11:23:14	/agenda/index.php	GUY VERGHOTE
03/03/2023 11:23:14	/agenda/index.php	GUY VERGHOTE
03/03/2023 11:27:32	/agenda/ajax/supprimer.php	GUY VERGHOTE
03/03/2023 11:27:34	/agenda/index.php	GUY VERGHOTE
03/03/2023 11:27:34	/agenda/index.php	GUY VERGHOTE
03/03/2023 11:27:40	/agenda/ajout.php	GUY VERGHOTE
03/03/2023 11:27:40	/agenda/ajout.php	GUY VERGHOTE
03/03/2023 11:27:56	/agenda/ajax/ajouter.php	GUY VERGHOTE
03/03/2023 11:27:56	/agenda/index.php	GUY VERGHOTE
03/03/2023 11:27:56	/agenda/index.php	GUY VERGHOTE
03/03/2023 11:28:04	/agenda/index.php	GUY VERGHOTE
03/03/2023 11:28:04	/agenda/index.php	GUY VERGHOTE
08/03/2023 12:35:26	/index.php	visiteur
08/03/2023 12:40:38	/index.php	visiteur
08/03/2023 12:40:39	/ajax/getdonneesaccueil.php	visiteur
08/03/2023 12:40:54	/profil/connexion.php	visiteur
08/03/2023 12:40:58	/profil/ajax/connecter.php	visiteur
08/03/2023 12:40:58	/index.php	GUY VERGHOTE
08/03/2023 12:40:58	/ajax/getdonneesaccueil.php	GUY VERGHOTE
08/03/2023 12:41:17	/page/club.php	GUY VERGHOTE
08/03/2023 12:41:20	/index.php	GUY VERGHOTE
08/03/2023 12:41:20	/ajax/getdonneesaccueil.php	GUY VERGHOTE
08/03/2023 12:41:26	/page/club.php	GUY VERGHOTE
08/03/2023 12:46:26	/index.php	GUY VERGHOTE
08/03/2023 12:46:26	/ajax/getdonneesaccueil.php	GUY VERGHOTE
08/03/2023 12:46:27	/index.php	GUY VERGHOTE
08/03/2023 12:46:27	/ajax/getdonneesaccueil.php	GUY VERGHOTE
08/03/2023 12:48:15	/index.php	GUY VERGHOTE
08/03/2023 12:48:15	/ajax/getdonneesaccueil.php	GUY VERGHOTE
08/03/2023 12:48:17	/index.php	GUY VERGHOTE
08/03/2023 12:48:17	/ajax/getdonneesaccueil.php	GUY VERGHOTE
08/03/2023 12:48:18	/index.php	GUY VERGHOTE
08/03/2023 12:48:18	/ajax/getdonneesaccueil.php	GUY VERGHOTE
08/03/2023 12:49:43	/index.php	GUY VERGHOTE
08/03/2023 12:49:43	/ajax/getdonneesaccueil.php	GUY VERGHOTE
08/03/2023 12:49:54	/administrateur/index.php	GUY VERGHOTE
08/03/2023 12:49:54	/administrateur/ajax/getlesdonnees.php	GUY VERGHOTE
08/03/2023 12:49:54	/administrateur/ajax/getlesdroits.php	GUY VERGHOTE
08/03/2023 12:49:57	/administrateur/ajax/getlesdroits.php	GUY VERGHOTE
08/03/2023 12:50:06	/administrateur/ajax/majdroit.php	GUY VERGHOTE
08/03/2023 12:50:16	/index.php	GUY VERGHOTE
08/03/2023 12:50:16	/ajax/getdonneesaccueil.php	GUY VERGHOTE
08/03/2023 12:50:31	/courseenvue/index.php	GUY VERGHOTE
08/03/2023 12:50:31	/courseenvue/index.php	GUY VERGHOTE
08/03/2023 12:52:55	/courseenvue/index.php	GUY VERGHOTE
08/03/2023 12:52:55	/courseenvue/index.php	GUY VERGHOTE
08/03/2023 13:35:05	/index.php	GUY VERGHOTE
08/03/2023 13:35:05	/ajax/getdonneesaccueil.php	GUY VERGHOTE
08/03/2023 13:35:12	/index.php	GUY VERGHOTE
08/03/2023 13:35:13	/ajax/getdonneesaccueil.php	GUY VERGHOTE
08/03/2023 13:35:14	/courseenvue/index.php	GUY VERGHOTE
08/03/2023 13:35:14	/courseenvue/index.php	GUY VERGHOTE
